<?xml version="1.0" encoding="UTF-8"?>
<!-- Generated by org.testng.reporters.JUnitReportReporter -->
<testsuite hostname="Lenovo" failures="0" tests="1" name="reqres.services.PetStoreService" time="8.838" errors="0" timestamp="2025-01-29T10:20:38 IST" skipped="0">
  <testcase classname="reqres.services.PetStoreService" name="getListOfUsers" time="8.838"/>
  <system-out/>
</testsuite> <!-- reqres.services.PetStoreService -->
