<?xml version="1.0" encoding="UTF-8"?>
<!-- Generated by org.testng.reporters.JUnitReportReporter -->
<testsuite hostname="Lenovo" failures="0" tests="6" name="reqres.services.UserService2" time="7.697" errors="0" timestamp="2025-01-29T10:07:10 IST" skipped="0">
  <testcase classname="reqres.services.UserService2" name="getUserWithQueryParamTest" time="0.243"/>
  <system-out/>
  <testcase classname="reqres.services.UserService2" name="createUserWithRequestBodyAndHeaderTest" time="5.384"/>
  <system-out/>
  <testcase classname="reqres.services.UserService2" name="deleteUserWithPathParamTest" time="0.596"/>
  <system-out/>
  <testcase classname="reqres.services.UserService2" name="partialUpdateUserWithRequestBodyAndHeaderTest" time="0.552"/>
  <system-out/>
  <testcase classname="reqres.services.UserService2" name="updateUserWithRequestBodyAndHeaderTest" time="0.579"/>
  <system-out/>
  <testcase classname="reqres.services.UserService2" name="getUserTest" time="0.343"/>
  <system-out/>
</testsuite> <!-- reqres.services.UserService2 -->
