<?xml version="1.0" encoding="UTF-8"?>
<!-- Generated by org.testng.reporters.JUnitReportReporter -->
<testsuite hostname="Lenovo" failures="0" tests="1" name="reqres.services.GoRestService" time="6.314" errors="0" timestamp="2025-01-29T10:15:25 IST" skipped="0">
  <testcase classname="reqres.services.GoRestService" name="getListOfUsers" time="6.314"/>
  <system-out/>
</testsuite> <!-- reqres.services.GoRestService -->
