<?xml version="1.0" encoding="UTF-8"?>
<!-- Generated by org.testng.reporters.JUnitReportReporter -->
<testsuite hostname="Lenovo" failures="0" tests="1" name="reqres.services.UserService" time="7.704" errors="0" timestamp="2025-01-28T10:18:52 IST" skipped="0">
  <testcase classname="reqres.services.UserService" name="partialUpdateUserWithRequestBodyAndHeaderTest" time="7.704"/>
  <system-out/>
</testsuite> <!-- reqres.services.UserService -->
