<?xml version="1.0" encoding="UTF-8"?>
<!-- Generated by org.testng.reporters.JUnitReportReporter -->
<testsuite hostname="Lenovo" failures="0" tests="3" name="service.tests.UserServieTestCases" time="6.388" errors="0" timestamp="2025-02-01T12:25:21 IST" skipped="0">
  <testcase classname="service.tests.UserServieTestCases" name="testCreateUserEndpoint" time="1.194"/>
  <system-out/>
  <testcase classname="service.tests.UserServieTestCases" name="testGetListOfUsersEndpoint" time="4.711"/>
  <system-out/>
  <testcase classname="service.tests.UserServieTestCases" name="testUpdateUserEndpoint" time="0.483"/>
  <system-out/>
</testsuite> <!-- service.tests.UserServieTestCases -->
